0 info it worked if it ends with ok
1 verbose cli [ 'C:\\Program Files (x86)\\Microsoft Visual Studio 14.0\\Web\\External\\node.exe',
1 verbose cli   'C:\\Program Files (x86)\\Microsoft Visual Studio 14.0\\Web\\External\\node_modules\\npm\\bin\\npm-cli.js',
1 verbose cli   'install' ]
2 info using npm@3.3.4
3 info using node@v5.4.1
4 silly loadCurrentTree Starting
5 silly install loadCurrentTree
6 silly install readLocalPackageData
7 silly install normalizeTree
8 silly loadCurrentTree Finishing
9 silly loadIdealTree Starting
10 silly install loadIdealTree
11 silly cloneCurrentTree Starting
12 silly install cloneCurrentTreeToIdealTree
13 silly cloneCurrentTree Finishing
14 silly loadShrinkwrap Starting
15 silly install loadShrinkwrap
16 silly loadShrinkwrap Finishing
17 silly loadAllDepsIntoIdealTree Starting
18 silly install loadAllDepsIntoIdealTree
19 silly fetchNamedPackageData jquery
20 silly mapToRegistry name jquery
21 silly mapToRegistry using default registry
22 silly mapToRegistry registry https://registry.npmjs.org/
23 silly mapToRegistry uri https://registry.npmjs.org/jquery
24 verbose request uri https://registry.npmjs.org/jquery
25 verbose request no auth needed
26 info attempt registry request try #1 at 8:42:23 AM
27 verbose request id 2736f3f2fa43a7e8
28 http request GET https://registry.npmjs.org/jquery
29 info retry will retry, error on last attempt: Error: tunneling socket could not be established, cause=connect ETIMEDOUT 192.168.5.252:8080
30 info attempt registry request try #2 at 8:42:54 AM
31 http request GET https://registry.npmjs.org/jquery
32 info retry will retry, error on last attempt: Error: tunneling socket could not be established, cause=connect ETIMEDOUT 192.168.5.252:8080
33 info attempt registry request try #3 at 8:44:15 AM
34 http request GET https://registry.npmjs.org/jquery
35 silly fetchPackageMetaData Error: tunneling socket could not be established, cause=connect ETIMEDOUT 192.168.5.252:8080
35 silly fetchPackageMetaData     at ClientRequest.onError (C:\Program Files (x86)\Microsoft Visual Studio 14.0\Web\External\node_modules\request\node_modules\tunnel-agent\index.js:176:17)
35 silly fetchPackageMetaData     at ClientRequest.g (events.js:260:16)
35 silly fetchPackageMetaData     at emitOne (events.js:77:13)
35 silly fetchPackageMetaData     at ClientRequest.emit (events.js:169:7)
35 silly fetchPackageMetaData     at Socket.socketErrorListener (_http_client.js:262:9)
35 silly fetchPackageMetaData     at emitOne (events.js:77:13)
35 silly fetchPackageMetaData     at Socket.emit (events.js:169:7)
35 silly fetchPackageMetaData     at emitErrorNT (net.js:1255:8)
35 silly fetchPackageMetaData     at nextTickCallbackWith2Args (node.js:474:9)
35 silly fetchPackageMetaData     at process._tickCallback (node.js:388:17)
35 silly fetchPackageMetaData  error for jquery@^3.1.1 { [Error: tunneling socket could not be established, cause=connect ETIMEDOUT 192.168.5.252:8080] code: 'ECONNRESET' }
36 silly rollbackFailedOptional Starting
37 silly rollbackFailedOptional Finishing
38 silly runTopLevelLifecycles Starting
39 silly runTopLevelLifecycles Finishing
40 silly install printInstalled
41 verbose stack Error: tunneling socket could not be established, cause=connect ETIMEDOUT 192.168.5.252:8080
41 verbose stack     at ClientRequest.onError (C:\Program Files (x86)\Microsoft Visual Studio 14.0\Web\External\node_modules\request\node_modules\tunnel-agent\index.js:176:17)
41 verbose stack     at ClientRequest.g (events.js:260:16)
41 verbose stack     at emitOne (events.js:77:13)
41 verbose stack     at ClientRequest.emit (events.js:169:7)
41 verbose stack     at Socket.socketErrorListener (_http_client.js:262:9)
41 verbose stack     at emitOne (events.js:77:13)
41 verbose stack     at Socket.emit (events.js:169:7)
41 verbose stack     at emitErrorNT (net.js:1255:8)
41 verbose stack     at nextTickCallbackWith2Args (node.js:474:9)
41 verbose stack     at process._tickCallback (node.js:388:17)
42 verbose cwd C:\Projects\PS\OrderPaper.Web\src\OrderPaper.Web\wwwroot
43 error Windows_NT 10.0.10586
44 error argv "C:\\Program Files (x86)\\Microsoft Visual Studio 14.0\\Web\\External\\node.exe" "C:\\Program Files (x86)\\Microsoft Visual Studio 14.0\\Web\\External\\node_modules\\npm\\bin\\npm-cli.js" "install"
45 error node v5.4.1
46 error npm  v3.3.4
47 error code ECONNRESET
48 error network tunneling socket could not be established, cause=connect ETIMEDOUT 192.168.5.252:8080
48 error network This is most likely not a problem with npm itself
48 error network and is related to network connectivity.
48 error network In most cases you are behind a proxy or have bad network settings.
48 error network
48 error network If you are behind a proxy, please make sure that the
48 error network 'proxy' config is set properly.  See: 'npm help config'
49 verbose exit [ 1, true ]
